ERROR: 12/22/2019 23:53:12 - root - get_files - File or directory NOT FOUND: /home/kamilcaglar/Images/a.txt
WARNING: 12/22/2019 23:53:14 - root - send_file - Cannot copy: /etc/shadow- PERMISSION DENIED
WARNING: 12/22/2019 23:53:14 - root - send_file - Cannot copy: /etc/iscsi/iscsid.conf PERMISSION DENIED
WARNING: 12/22/2019 23:53:14 - root - send_file - Cannot copy: /etc/chrony.keys PERMISSION DENIED
WARNING: 12/22/2019 23:53:15 - root - send_files - Cannot copy: /etc/httpd/state PERMISSION DENIED
WARNING: 12/22/2019 23:53:15 - root - send_files - Cannot copy: /etc/httpd/logs PERMISSION DENIED
WARNING: 12/22/2019 23:53:15 - root - send_files - Cannot copy: /etc/httpd/run PERMISSION DENIED
WARNING: 12/22/2019 23:53:15 - root - send_file - Cannot copy: /etc/gssproxy/24-nfs-server.conf PERMISSION DENIED
WARNING: 12/22/2019 23:53:15 - root - send_file - Cannot copy: /etc/gssproxy/99-nfs-client.conf PERMISSION DENIED
WARNING: 12/22/2019 23:53:15 - root - send_file - Cannot copy: /etc/gssproxy/gssproxy.conf PERMISSION DENIED
WARNING: 12/22/2019 23:53:15 - root - send_files - Cannot copy: /etc/lvm/backup PERMISSION DENIED
WARNING: 12/22/2019 23:53:15 - root - send_files - Cannot copy: /etc/lvm/archive PERMISSION DENIED
WARNING: 12/22/2019 23:53:15 - root - send_files - Cannot copy: /etc/lvm/cache PERMISSION DENIED
WARNING: 12/22/2019 23:53:15 - root - send_file - Cannot copy: /etc/gshadow- PERMISSION DENIED
WARNING: 12/22/2019 23:53:35 - root - send_file - Cannot copy: /etc/brlapi.key PERMISSION DENIED
WARNING: 12/22/2019 23:53:35 - root - send_files - Cannot copy: /etc/audit PERMISSION DENIED
WARNING: 12/22/2019 23:53:35 - root - send_files - Cannot copy: /etc/firewalld PERMISSION DENIED
WARNING: 12/22/2019 23:53:35 - root - send_files - Cannot copy: /etc/sssd PERMISSION DENIED
WARNING: 12/22/2019 23:53:35 - root - send_file - Cannot copy: /etc/ppp/chap-secrets PERMISSION DENIED
WARNING: 12/22/2019 23:53:35 - root - send_file - Cannot copy: /etc/ppp/pap-secrets PERMISSION DENIED
WARNING: 12/22/2019 23:53:35 - root - send_file - Cannot copy: /etc/ppp/eaptls-server PERMISSION DENIED
WARNING: 12/22/2019 23:53:35 - root - send_file - Cannot copy: /etc/ppp/eaptls-client PERMISSION DENIED
WARNING: 12/22/2019 23:53:35 - root - send_files - Cannot copy: /etc/libvirt PERMISSION DENIED
WARNING: 12/22/2019 23:53:36 - root - send_file - Cannot copy: /etc/cups/classes.conf PERMISSION DENIED
WARNING: 12/22/2019 23:53:36 - root - send_file - Cannot copy: /etc/cups/subscriptions.conf PERMISSION DENIED
WARNING: 12/22/2019 23:53:36 - root - send_file - Cannot copy: /etc/cups/printers.conf.O PERMISSION DENIED
WARNING: 12/22/2019 23:53:36 - root - send_files - Cannot copy: /etc/cups/ssl PERMISSION DENIED
WARNING: 12/22/2019 23:53:36 - root - send_file - Cannot copy: /etc/cups/snmp.conf.default PERMISSION DENIED
WARNING: 12/22/2019 23:53:36 - root - send_file - Cannot copy: /etc/cups/printers.conf PERMISSION DENIED
WARNING: 12/22/2019 23:53:36 - root - send_file - Cannot copy: /etc/cups/cupsd.conf.default PERMISSION DENIED
WARNING: 12/22/2019 23:53:36 - root - send_file - Cannot copy: /etc/cups/ppd/HP-LaserJet-1020.ppd PERMISSION DENIED
WARNING: 12/22/2019 23:53:36 - root - send_file - Cannot copy: /etc/cups/cupsd.conf PERMISSION DENIED
WARNING: 12/22/2019 23:53:36 - root - send_file - Cannot copy: /etc/cups/classes.conf.O PERMISSION DENIED
WARNING: 12/22/2019 23:53:36 - root - send_file - Cannot copy: /etc/cups/subscriptions.conf.O PERMISSION DENIED
WARNING: 12/22/2019 23:53:36 - root - send_file - Cannot copy: /etc/cups/cups-files.conf.default PERMISSION DENIED
WARNING: 12/22/2019 23:53:36 - root - send_file - Cannot copy: /etc/cups/cups-files.conf PERMISSION DENIED
WARNING: 12/22/2019 23:53:36 - root - send_file - Cannot copy: /etc/shadow PERMISSION DENIED
WARNING: 12/22/2019 23:53:36 - root - send_file - Cannot copy: /etc/wpa_supplicant/wpa_supplicant.conf PERMISSION DENIED
WARNING: 12/22/2019 23:53:37 - root - send_file - Cannot copy: /etc/security/opasswd PERMISSION DENIED
WARNING: 12/22/2019 23:53:37 - root - send_files - Cannot copy: /etc/nftables PERMISSION DENIED
WARNING: 12/22/2019 23:53:37 - root - send_file - Cannot copy: /etc/tcsd.conf PERMISSION DENIED
WARNING: 12/22/2019 23:53:37 - root - send_file - Cannot copy: /etc/sudoers PERMISSION DENIED
WARNING: 12/22/2019 23:53:37 - root - send_files - Cannot copy: /etc/grub.d PERMISSION DENIED
WARNING: 12/22/2019 23:53:37 - root - send_files - Cannot copy: /etc/openvpn/server PERMISSION DENIED
WARNING: 12/22/2019 23:53:37 - root - send_files - Cannot copy: /etc/openvpn/client PERMISSION DENIED
WARNING: 12/22/2019 23:53:37 - root - send_file - Cannot copy: /etc/libaudit.conf PERMISSION DENIED
WARNING: 12/22/2019 23:53:37 - root - send_file - Cannot copy: /etc/ssh/sshd_config PERMISSION DENIED
WARNING: 12/22/2019 23:53:39 - root - send_file - Cannot copy: /etc/sysconfig/sshd PERMISSION DENIED
WARNING: 12/22/2019 23:53:39 - root - send_file - Cannot copy: /etc/sysconfig/network-scripts/keys-Virus PERMISSION DENIED
WARNING: 12/22/2019 23:53:39 - root - send_file - Cannot copy: /etc/sysconfig/network-scripts/keys-eduroam PERMISSION DENIED
WARNING: 12/22/2019 23:53:39 - root - send_file - Cannot copy: /etc/sysconfig/network-scripts/keys-Livebox-AA97 PERMISSION DENIED
WARNING: 12/22/2019 23:53:39 - root - send_file - Cannot copy: /etc/sysconfig/network-scripts/keys-freebox_Caglar PERMISSION DENIED
WARNING: 12/22/2019 23:53:39 - root - send_file - Cannot copy: /etc/sysconfig/network-scripts/keys-Livebox-CD76 PERMISSION DENIED
WARNING: 12/22/2019 23:53:39 - root - send_file - Cannot copy: /etc/sysconfig/nftables.conf PERMISSION DENIED
WARNING: 12/22/2019 23:53:39 - root - send_files - Cannot copy: /etc/sudoers.d PERMISSION DENIED
WARNING: 12/22/2019 23:53:39 - root - send_file - Cannot copy: /etc/vpnc/default.conf PERMISSION DENIED
WARNING: 12/22/2019 23:53:40 - root - send_file - Cannot copy: /etc/crypttab PERMISSION DENIED
WARNING: 12/22/2019 23:53:40 - root - send_file - Cannot copy: /etc/gshadow PERMISSION DENIED
WARNING: 12/22/2019 23:53:40 - root - send_files - Cannot copy: /etc/polkit-1/rules.d PERMISSION DENIED
WARNING: 12/22/2019 23:53:40 - root - send_files - Cannot copy: /etc/polkit-1/localauthority PERMISSION DENIED
WARNING: 12/22/2019 23:53:40 - root - send_files - Cannot copy: /etc/dhcp PERMISSION DENIED
WARNING: 12/22/2019 23:53:40 - root - send_file - Cannot copy: /etc/.pwd.lock PERMISSION DENIED
