ERROR: 12/30/2019 16:22:19 get_files() File or directory NOT FOUND: /home/kamilcaglar/Images/a.txt
ERROR: 12/30/2019 16:22:20 check_io() b'rsync: opendir "/etc/audit" failed: Permission denied (13)'
ERROR: 12/30/2019 16:22:20 check_io() b'rsync: opendir "/etc/cups/ssl" failed: Permission denied (13)'
ERROR: 12/30/2019 16:22:20 check_io() b'rsync: opendir "/etc/dhcp" failed: Permission denied (13)'
ERROR: 12/30/2019 16:22:20 check_io() b'rsync: opendir "/etc/firewalld" failed: Permission denied (13)'
ERROR: 12/30/2019 16:22:20 check_io() b'rsync: opendir "/etc/grub.d" failed: Permission denied (13)'
ERROR: 12/30/2019 16:22:20 check_io() b'rsync: send_files failed to open "/etc/.pwd.lock": Permission denied (13)'
ERROR: 12/30/2019 16:22:20 check_io() b'rsync: send_files failed to open "/etc/brlapi.key": Permission denied (13)'
ERROR: 12/30/2019 16:22:20 check_io() b'rsync: send_files failed to open "/etc/chrony.keys": Permission denied (13)'
ERROR: 12/30/2019 16:22:20 check_io() b'rsync: send_files failed to open "/etc/crypttab": Permission denied (13)'
ERROR: 12/30/2019 16:22:20 check_io() b'rsync: send_files failed to open "/etc/gshadow": Permission denied (13)'
ERROR: 12/30/2019 16:22:20 check_io() b'rsync: send_files failed to open "/etc/gshadow-": Permission denied (13)'
ERROR: 12/30/2019 16:22:20 check_io() b'rsync: send_files failed to open "/etc/libaudit.conf": Permission denied (13)'
ERROR: 12/30/2019 16:22:20 check_io() b'rsync: send_files failed to open "/etc/shadow": Permission denied (13)'
ERROR: 12/30/2019 16:22:20 check_io() b'rsync: send_files failed to open "/etc/shadow-": Permission denied (13)'
ERROR: 12/30/2019 16:22:20 check_io() b'rsync: send_files failed to open "/etc/sudoers": Permission denied (13)'
ERROR: 12/30/2019 16:22:20 check_io() b'rsync: send_files failed to open "/etc/tcsd.conf": Permission denied (13)'
ERROR: 12/30/2019 16:22:20 check_io() b'rsync: opendir "/etc/libvirt" failed: Permission denied (13)'
ERROR: 12/30/2019 16:22:20 check_io() b'rsync: opendir "/etc/lvm/archive" failed: Permission denied (13)'
ERROR: 12/30/2019 16:22:20 check_io() b'rsync: opendir "/etc/lvm/backup" failed: Permission denied (13)'
ERROR: 12/30/2019 16:22:20 check_io() b'rsync: opendir "/etc/lvm/cache" failed: Permission denied (13)'
ERROR: 12/30/2019 16:22:20 check_io() b'rsync: opendir "/etc/nftables" failed: Permission denied (13)'
ERROR: 12/30/2019 16:22:20 check_io() b'rsync: opendir "/etc/openvpn/client" failed: Permission denied (13)'
ERROR: 12/30/2019 16:22:20 check_io() b'rsync: opendir "/etc/openvpn/server" failed: Permission denied (13)'
ERROR: 12/30/2019 16:22:20 check_io() b'rsync: opendir "/etc/polkit-1/localauthority" failed: Permission denied (13)'
ERROR: 12/30/2019 16:22:20 check_io() b'rsync: opendir "/etc/polkit-1/rules.d" failed: Permission denied (13)'
ERROR: 12/30/2019 16:22:20 check_io() b'rsync: send_files failed to open "/etc/cups/classes.conf": Permission denied (13)'
ERROR: 12/30/2019 16:22:20 check_io() b'rsync: send_files failed to open "/etc/cups/classes.conf.O": Permission denied (13)'
ERROR: 12/30/2019 16:22:20 check_io() b'rsync: send_files failed to open "/etc/cups/cups-files.conf": Permission denied (13)'
ERROR: 12/30/2019 16:22:20 check_io() b'rsync: send_files failed to open "/etc/cups/cups-files.conf.default": Permission denied (13)'
ERROR: 12/30/2019 16:22:20 check_io() b'rsync: send_files failed to open "/etc/cups/cupsd.conf": Permission denied (13)'
ERROR: 12/30/2019 16:22:20 check_io() b'rsync: send_files failed to open "/etc/cups/cupsd.conf.default": Permission denied (13)'
ERROR: 12/30/2019 16:22:20 check_io() b'rsync: send_files failed to open "/etc/cups/printers.conf": Permission denied (13)'
ERROR: 12/30/2019 16:22:20 check_io() b'rsync: send_files failed to open "/etc/cups/printers.conf.O": Permission denied (13)'
ERROR: 12/30/2019 16:22:20 check_io() b'rsync: send_files failed to open "/etc/cups/snmp.conf.default": Permission denied (13)'
ERROR: 12/30/2019 16:22:20 check_io() b'rsync: send_files failed to open "/etc/cups/subscriptions.conf": Permission denied (13)'
ERROR: 12/30/2019 16:22:20 check_io() b'rsync: send_files failed to open "/etc/cups/subscriptions.conf.O": Permission denied (13)'
ERROR: 12/30/2019 16:22:20 check_io() b'rsync: send_files failed to open "/etc/cups/ppd/HP-LaserJet-1020.ppd": Permission denied (13)'
ERROR: 12/30/2019 16:22:20 check_io() b'rsync: opendir "/etc/sssd" failed: Permission denied (13)'
ERROR: 12/30/2019 16:22:20 check_io() b'rsync: opendir "/etc/sudoers.d" failed: Permission denied (13)'
ERROR: 12/30/2019 16:22:20 check_io() b'rsync: send_files failed to open "/etc/gssproxy/24-nfs-server.conf": Permission denied (13)'
ERROR: 12/30/2019 16:22:20 check_io() b'rsync: send_files failed to open "/etc/gssproxy/99-nfs-client.conf": Permission denied (13)'
ERROR: 12/30/2019 16:22:20 check_io() b'rsync: send_files failed to open "/etc/gssproxy/gssproxy.conf": Permission denied (13)'
ERROR: 12/30/2019 16:22:20 check_io() b'rsync: send_files failed to open "/etc/iscsi/iscsid.conf": Permission denied (13)'
ERROR: 12/30/2019 16:22:20 check_io() b'rsync: send_files failed to open "/etc/ppp/chap-secrets": Permission denied (13)'
ERROR: 12/30/2019 16:22:20 check_io() b'rsync: send_files failed to open "/etc/ppp/eaptls-client": Permission denied (13)'
ERROR: 12/30/2019 16:22:20 check_io() b'rsync: send_files failed to open "/etc/ppp/eaptls-server": Permission denied (13)'
ERROR: 12/30/2019 16:22:20 check_io() b'rsync: send_files failed to open "/etc/ppp/pap-secrets": Permission denied (13)'
ERROR: 12/30/2019 16:22:20 check_io() b'rsync: send_files failed to open "/etc/security/opasswd": Permission denied (13)'
ERROR: 12/30/2019 16:22:20 check_io() b'rsync: send_files failed to open "/etc/ssh/sshd_config": Permission denied (13)'
ERROR: 12/30/2019 16:22:20 check_io() b'rsync: send_files failed to open "/etc/sysconfig/nftables.conf": Permission denied (13)'
ERROR: 12/30/2019 16:22:20 check_io() b'rsync: send_files failed to open "/etc/sysconfig/sshd": Permission denied (13)'
ERROR: 12/30/2019 16:22:20 check_io() b'rsync: send_files failed to open "/etc/sysconfig/network-scripts/keys-Livebox-351E": Permission denied (13)'
ERROR: 12/30/2019 16:22:20 check_io() b'rsync: send_files failed to open "/etc/sysconfig/network-scripts/keys-Livebox-AA97": Permission denied (13)'
ERROR: 12/30/2019 16:22:20 check_io() b'rsync: send_files failed to open "/etc/sysconfig/network-scripts/keys-Livebox-CD76": Permission denied (13)'
ERROR: 12/30/2019 16:22:20 check_io() b'rsync: send_files failed to open "/etc/sysconfig/network-scripts/keys-SFR_77F0": Permission denied (13)'
ERROR: 12/30/2019 16:22:20 check_io() b'rsync: send_files failed to open "/etc/sysconfig/network-scripts/keys-Virus": Permission denied (13)'
ERROR: 12/30/2019 16:22:20 check_io() b'rsync: send_files failed to open "/etc/sysconfig/network-scripts/keys-eduroam": Permission denied (13)'
ERROR: 12/30/2019 16:22:20 check_io() b'rsync: send_files failed to open "/etc/sysconfig/network-scripts/keys-freebox_Caglar": Permission denied (13)'
ERROR: 12/30/2019 16:22:20 check_io() b'rsync: send_files failed to open "/etc/vpnc/default.conf": Permission denied (13)'
ERROR: 12/30/2019 16:22:20 check_io() b'rsync: send_files failed to open "/etc/wpa_supplicant/wpa_supplicant.conf": Permission denied (13)'
ERROR: 12/30/2019 16:22:20 check_io() b'rsync error: some files/attrs were not transferred (see previous errors) (code 23) at main.c(1189) [sender=3.1.3]'
